  [1m[35m (6.1ms)[0m  [1m[35mCREATE TABLE "schema_migrations" ("version" varchar NOT NULL PRIMARY KEY)[0m
  [1m[35m (3.3ms)[0m  [1m[35mCREATE TABLE "ar_internal_metadata" ("key" varchar NOT NULL PRIMARY KEY, "value" varchar, "created_at" datetime(6) NOT NULL, "updated_at" datetime(6) NOT NULL)[0m
  [1m[36mActiveRecord::SchemaMigration Pluck (0.1ms)[0m  [1m[34mSELECT "schema_migrations"."version" FROM "schema_migrations" ORDER BY "schema_migrations"."version" ASC[0m
Migrating to CreateSuppliers (20230815093719)
  [1m[36mTRANSACTION (0.1ms)[0m  [1m[36mbegin transaction[0m
  [1m[35m (0.5ms)[0m  [1m[35mCREATE TABLE "suppliers" ("id" integer PRIMARY KEY AUTOINCREMENT NOT NULL, "name" varchar, "created_at" datetime(6) NOT NULL, "updated_at" datetime(6) NOT NULL)[0m
  [1m[36mActiveRecord::SchemaMigration Create (0.1ms)[0m  [1m[32mINSERT INTO "schema_migrations" ("version") VALUES (?)[0m  [["version", "20230815093719"]]
  [1m[36mTRANSACTION (3.2ms)[0m  [1m[36mcommit transaction[0m
Migrating to CreateAccounts (20230815093845)
  [1m[36mTRANSACTION (0.0ms)[0m  [1m[36mbegin transaction[0m
  [1m[35m (0.5ms)[0m  [1m[35mCREATE TABLE "accounts" ("id" integer PRIMARY KEY AUTOINCREMENT NOT NULL, "supplier_id" integer NOT NULL, "account_number" varchar, "created_at" datetime(6) NOT NULL, "updated_at" datetime(6) NOT NULL, CONSTRAINT "fk_rails_530e87101a"
FOREIGN KEY ("supplier_id")
  REFERENCES "suppliers" ("id")
)[0m
  [1m[35m (0.1ms)[0m  [1m[35mCREATE INDEX "index_accounts_on_supplier_id" ON "accounts" ("supplier_id")[0m
  [1m[36mActiveRecord::SchemaMigration Create (0.1ms)[0m  [1m[32mINSERT INTO "schema_migrations" ("version") VALUES (?)[0m  [["version", "20230815093845"]]
  [1m[36mTRANSACTION (3.6ms)[0m  [1m[36mcommit transaction[0m
  [1m[36mActiveRecord::InternalMetadata Load (0.2ms)[0m  [1m[34mSELECT "ar_internal_metadata".* FROM "ar_internal_metadata" WHERE "ar_internal_metadata"."key" = ? LIMIT ?[0m  [["key", "environment"], ["LIMIT", 1]]
  [1m[36mTRANSACTION (0.0ms)[0m  [1m[36mbegin transaction[0m
  [1m[36mActiveRecord::InternalMetadata Create (0.7ms)[0m  [1m[32mINSERT INTO "ar_internal_metadata" ("key", "value", "created_at", "updated_at") VALUES (?, ?, ?, ?)[0m  [["key", "environment"], ["value", "development"], ["created_at", "2023-08-15 09:39:49.949790"], ["updated_at", "2023-08-15 09:39:49.949790"]]
  [1m[36mTRANSACTION (3.4ms)[0m  [1m[36mcommit transaction[0m
  [1m[36mActiveRecord::SchemaMigration Pluck (0.1ms)[0m  [1m[34mSELECT "schema_migrations"."version" FROM "schema_migrations" ORDER BY "schema_migrations"."version" ASC[0m
  [1m[36mSupplier Load (0.1ms)[0m  [1m[34mSELECT "suppliers".* FROM "suppliers" ORDER BY "suppliers"."id" ASC LIMIT ?[0m  [["LIMIT", 1]]
  [1m[36mTRANSACTION (0.0ms)[0m  [1m[36mbegin transaction[0m
  [1m[36mSupplier Create (3.4ms)[0m  [1m[32mINSERT INTO "suppliers" ("name", "created_at", "updated_at") VALUES (?, ?, ?)[0m  [["name", "Aalain"], ["created_at", "2023-08-15 09:43:06.329023"], ["updated_at", "2023-08-15 09:43:06.329023"]]
  [1m[36mTRANSACTION (2.9ms)[0m  [1m[36mcommit transaction[0m
  [1m[36mSupplier Load (0.2ms)[0m  [1m[34mSELECT "suppliers".* FROM "suppliers" ORDER BY "suppliers"."id" ASC LIMIT ?[0m  [["LIMIT", 1]]
  [1m[36mTRANSACTION (0.1ms)[0m  [1m[36mbegin transaction[0m
  [1m[36mAccount Create (1.3ms)[0m  [1m[32mINSERT INTO "accounts" ("supplier_id", "account_number", "created_at", "updated_at") VALUES (?, ?, ?, ?)[0m  [["supplier_id", 1], ["account_number", "22114455jjkk"], ["created_at", "2023-08-15 09:46:10.967114"], ["updated_at", "2023-08-15 09:46:10.967114"]]
  [1m[36mTRANSACTION (3.8ms)[0m  [1m[36mcommit transaction[0m
  [1m[36mActiveRecord::SchemaMigration Pluck (0.3ms)[0m  [1m[34mSELECT "schema_migrations"."version" FROM "schema_migrations" ORDER BY "schema_migrations"."version" ASC[0m
Migrating to CreateAuthors (20230815095025)
  [1m[36mTRANSACTION (0.1ms)[0m  [1m[36mbegin transaction[0m
  [1m[35m (0.6ms)[0m  [1m[35mCREATE TABLE "authors" ("id" integer PRIMARY KEY AUTOINCREMENT NOT NULL, "name" varchar, "created_at" datetime(6) NOT NULL, "updated_at" datetime(6) NOT NULL)[0m
  [1m[36mActiveRecord::SchemaMigration Create (0.2ms)[0m  [1m[32mINSERT INTO "schema_migrations" ("version") VALUES (?)[0m  [["version", "20230815095025"]]
  [1m[36mTRANSACTION (3.1ms)[0m  [1m[36mcommit transaction[0m
Migrating to CreateBooks (20230815095049)
  [1m[36mTRANSACTION (0.0ms)[0m  [1m[36mbegin transaction[0m
  [1m[35m (0.5ms)[0m  [1m[35mCREATE TABLE "books" ("id" integer PRIMARY KEY AUTOINCREMENT NOT NULL, "name" varchar, "author_id" integer, "published_at" datetime(6), "created_at" datetime(6) NOT NULL, "updated_at" datetime(6) NOT NULL)[0m
  [1m[35m (0.1ms)[0m  [1m[35mCREATE INDEX "index_books_on_author_id" ON "books" ("author_id")[0m
  [1m[36mActiveRecord::SchemaMigration Create (0.1ms)[0m  [1m[32mINSERT INTO "schema_migrations" ("version") VALUES (?)[0m  [["version", "20230815095049"]]
  [1m[36mTRANSACTION (2.9ms)[0m  [1m[36mcommit transaction[0m
  [1m[36mActiveRecord::InternalMetadata Load (0.1ms)[0m  [1m[34mSELECT "ar_internal_metadata".* FROM "ar_internal_metadata" WHERE "ar_internal_metadata"."key" = ? LIMIT ?[0m  [["key", "environment"], ["LIMIT", 1]]
  [1m[36mActiveRecord::SchemaMigration Pluck (0.1ms)[0m  [1m[34mSELECT "schema_migrations"."version" FROM "schema_migrations" ORDER BY "schema_migrations"."version" ASC[0m
  [1m[36mTRANSACTION (0.0ms)[0m  [1m[36mbegin transaction[0m
  [1m[36mAuthor Create (0.9ms)[0m  [1m[32mINSERT INTO "authors" ("name", "created_at", "updated_at") VALUES (?, ?, ?)[0m  [["name", "Aalain"], ["created_at", "2023-08-15 09:54:53.337363"], ["updated_at", "2023-08-15 09:54:53.337363"]]
  [1m[36mTRANSACTION (2.9ms)[0m  [1m[36mcommit transaction[0m
  [1m[36mAuthor Load (0.2ms)[0m  [1m[34mSELECT "authors".* FROM "authors" ORDER BY "authors"."id" ASC LIMIT ?[0m  [["LIMIT", 1]]
  [1m[36mTRANSACTION (0.0ms)[0m  [1m[36mbegin transaction[0m
  [1m[36mBook Create (0.7ms)[0m  [1m[32mINSERT INTO "books" ("name", "author_id", "published_at", "created_at", "updated_at") VALUES (?, ?, ?, ?, ?)[0m  [["name", "Rails in deep"], ["author_id", 1], ["published_at", nil], ["created_at", "2023-08-15 09:56:29.745210"], ["updated_at", "2023-08-15 09:56:29.745210"]]
  [1m[36mTRANSACTION (3.2ms)[0m  [1m[36mcommit transaction[0m
  [1m[36mTRANSACTION (0.0ms)[0m  [1m[36mbegin transaction[0m
  [1m[36mBook Create (3.5ms)[0m  [1m[32mINSERT INTO "books" ("name", "author_id", "published_at", "created_at", "updated_at") VALUES (?, ?, ?, ?, ?)[0m  [["name", "JS in deep"], ["author_id", 1], ["published_at", nil], ["created_at", "2023-08-15 09:57:05.978943"], ["updated_at", "2023-08-15 09:57:05.978943"]]
  [1m[36mTRANSACTION (3.3ms)[0m  [1m[36mcommit transaction[0m
  [1m[36mTRANSACTION (0.0ms)[0m  [1m[36mbegin transaction[0m
  [1m[36mBook Create (3.3ms)[0m  [1m[32mINSERT INTO "books" ("name", "author_id", "published_at", "created_at", "updated_at") VALUES (?, ?, ?, ?, ?)[0m  [["name", "React in deep"], ["author_id", 1], ["published_at", nil], ["created_at", "2023-08-15 09:57:16.697385"], ["updated_at", "2023-08-15 09:57:16.697385"]]
  [1m[36mTRANSACTION (3.2ms)[0m  [1m[36mcommit transaction[0m
  [1m[36mBook Count (0.3ms)[0m  [1m[34mSELECT COUNT(*) FROM "books"[0m
  [1m[36mBook Load (0.3ms)[0m  [1m[34mSELECT "books".* FROM "books"[0m
  [1m[36mBook Load (0.2ms)[0m  [1m[34mSELECT "books".* FROM "books" ORDER BY "books"."id" DESC LIMIT ?[0m  [["LIMIT", 1]]
  [1m[36mAuthor Load (0.2ms)[0m  [1m[34mSELECT "authors".* FROM "authors" WHERE "authors"."id" = ? LIMIT ?[0m  [["id", 1], ["LIMIT", 1]]
  [1m[36mBook Count (0.2ms)[0m  [1m[34mSELECT COUNT(*) FROM "books" WHERE "books"."author_id" = ?[0m  [["author_id", 1]]
  [1m[36mActiveRecord::SchemaMigration Pluck (0.3ms)[0m  [1m[34mSELECT "schema_migrations"."version" FROM "schema_migrations" ORDER BY "schema_migrations"."version" ASC[0m
Migrating to CreatePosts (20230815100346)
  [1m[36mTRANSACTION (0.1ms)[0m  [1m[36mbegin transaction[0m
  [1m[35m (1.0ms)[0m  [1m[35mCREATE TABLE "posts" ("id" integer PRIMARY KEY AUTOINCREMENT NOT NULL, "title" varchar, "description" varchar, "created_at" datetime(6) NOT NULL, "updated_at" datetime(6) NOT NULL)[0m
  [1m[36mActiveRecord::SchemaMigration Create (0.2ms)[0m  [1m[32mINSERT INTO "schema_migrations" ("version") VALUES (?)[0m  [["version", "20230815100346"]]
  [1m[36mTRANSACTION (6.1ms)[0m  [1m[36mcommit transaction[0m
Migrating to CreateTags (20230815100433)
  [1m[36mTRANSACTION (0.1ms)[0m  [1m[36mbegin transaction[0m
  [1m[35m (0.8ms)[0m  [1m[35mCREATE TABLE "tags" ("id" integer PRIMARY KEY AUTOINCREMENT NOT NULL, "title" varchar, "created_at" datetime(6) NOT NULL, "updated_at" datetime(6) NOT NULL)[0m
  [1m[36mActiveRecord::SchemaMigration Create (0.1ms)[0m  [1m[32mINSERT INTO "schema_migrations" ("version") VALUES (?)[0m  [["version", "20230815100433"]]
  [1m[36mTRANSACTION (6.6ms)[0m  [1m[36mcommit transaction[0m
Migrating to CreateJoinTablePostTag (20230815101139)
  [1m[36mTRANSACTION (0.1ms)[0m  [1m[36mbegin transaction[0m
  [1m[35m (0.8ms)[0m  [1m[35mCREATE TABLE "posts_tags" ("post_id" integer NOT NULL, "tag_id" integer NOT NULL)[0m
  [1m[35m (0.1ms)[0m  [1m[35mCREATE INDEX "index_posts_tags_on_post_id_and_tag_id" ON "posts_tags" ("post_id", "tag_id")[0m
  [1m[36mActiveRecord::SchemaMigration Create (0.2ms)[0m  [1m[32mINSERT INTO "schema_migrations" ("version") VALUES (?)[0m  [["version", "20230815101139"]]
  [1m[36mTRANSACTION (6.8ms)[0m  [1m[36mcommit transaction[0m
  [1m[36mActiveRecord::InternalMetadata Load (0.2ms)[0m  [1m[34mSELECT "ar_internal_metadata".* FROM "ar_internal_metadata" WHERE "ar_internal_metadata"."key" = ? LIMIT ?[0m  [["key", "environment"], ["LIMIT", 1]]
  [1m[36mActiveRecord::SchemaMigration Pluck (0.2ms)[0m  [1m[34mSELECT "schema_migrations"."version" FROM "schema_migrations" ORDER BY "schema_migrations"."version" ASC[0m
  [1m[36mTRANSACTION (0.1ms)[0m  [1m[36mbegin transaction[0m
  [1m[36mPost Create (4.9ms)[0m  [1m[32mINSERT INTO "posts" ("title", "description", "created_at", "updated_at") VALUES (?, ?, ?, ?)[0m  [["title", "HBTM"], ["description", "Aalain"], ["created_at", "2023-08-15 10:16:13.615042"], ["updated_at", "2023-08-15 10:16:13.615042"]]
  [1m[36mTRANSACTION (9.5ms)[0m  [1m[36mcommit transaction[0m
  [1m[36mTRANSACTION (0.1ms)[0m  [1m[36mbegin transaction[0m
  [1m[36mTag Create (4.7ms)[0m  [1m[32mINSERT INTO "tags" ("title", "created_at", "updated_at") VALUES (?, ?, ?)[0m  [["title", "rails"], ["created_at", "2023-08-15 10:16:46.862029"], ["updated_at", "2023-08-15 10:16:46.862029"]]
  [1m[36mTRANSACTION (6.7ms)[0m  [1m[36mcommit transaction[0m
  [1m[36mTRANSACTION (0.2ms)[0m  [1m[36mbegin transaction[0m
  [1m[36mPost::HABTM_Tags Create (2.0ms)[0m  [1m[32mINSERT INTO "posts_tags" ("post_id", "tag_id") VALUES (?, ?)[0m  [["post_id", 1], ["tag_id", 1]]
  [1m[36mTRANSACTION (5.7ms)[0m  [1m[36mcommit transaction[0m
  [1m[36mTag Load (0.3ms)[0m  [1m[34mSELECT "tags".* FROM "tags" INNER JOIN "posts_tags" ON "tags"."id" = "posts_tags"."tag_id" WHERE "posts_tags"."post_id" = ?[0m  [["post_id", 1]]
  [1m[36mTRANSACTION (0.2ms)[0m  [1m[36mbegin transaction[0m
  [1m[36mTag Create (4.9ms)[0m  [1m[32mINSERT INTO "tags" ("title", "created_at", "updated_at") VALUES (?, ?, ?)[0m  [["title", "AalainKK"], ["created_at", "2023-08-15 10:17:49.451729"], ["updated_at", "2023-08-15 10:17:49.451729"]]
  [1m[36mTRANSACTION (6.7ms)[0m  [1m[36mcommit transaction[0m
  [1m[36mTRANSACTION (0.1ms)[0m  [1m[36mbegin transaction[0m
  [1m[36mPost::HABTM_Tags Create (5.1ms)[0m  [1m[32mINSERT INTO "posts_tags" ("post_id", "tag_id") VALUES (?, ?)[0m  [["post_id", 1], ["tag_id", 1]]
  [1m[36mTRANSACTION (5.5ms)[0m  [1m[36mcommit transaction[0m
  [1m[36mPost Load (0.5ms)[0m  [1m[34mSELECT "posts".* FROM "posts" ORDER BY "posts"."id" ASC LIMIT ?[0m  [["LIMIT", 1]]
  [1m[36mTag Load (0.4ms)[0m  [1m[34mSELECT "tags".* FROM "tags" ORDER BY "tags"."id" ASC LIMIT ?[0m  [["LIMIT", 1]]
  [1m[36mPost Load (0.4ms)[0m  [1m[34mSELECT "posts".* FROM "posts" INNER JOIN "posts_tags" ON "posts"."id" = "posts_tags"."post_id" WHERE "posts_tags"."tag_id" = ?[0m  [["tag_id", 1]]
  [1m[36mActiveRecord::SchemaMigration Pluck (0.8ms)[0m  [1m[34mSELECT "schema_migrations"."version" FROM "schema_migrations" ORDER BY "schema_migrations"."version" ASC[0m
Migrating to CreateDoctors (20230816121936)
  [1m[36mTRANSACTION (0.1ms)[0m  [1m[36mbegin transaction[0m
  [1m[35m (1.1ms)[0m  [1m[35mCREATE TABLE "doctors" ("id" integer PRIMARY KEY AUTOINCREMENT NOT NULL, "name" varchar, "email" varchar, "created_at" datetime(6) NOT NULL, "updated_at" datetime(6) NOT NULL)[0m
  [1m[36mActiveRecord::SchemaMigration Create (0.3ms)[0m  [1m[32mINSERT INTO "schema_migrations" ("version") VALUES (?)[0m  [["version", "20230816121936"]]
  [1m[36mTRANSACTION (6.9ms)[0m  [1m[36mcommit transaction[0m
Migrating to CreatePatients (20230816122023)
  [1m[36mTRANSACTION (0.1ms)[0m  [1m[36mbegin transaction[0m
  [1m[35m (0.7ms)[0m  [1m[35mCREATE TABLE "patients" ("id" integer PRIMARY KEY AUTOINCREMENT NOT NULL, "name" varchar, "email" varchar, "age" integer, "created_at" datetime(6) NOT NULL, "updated_at" datetime(6) NOT NULL)[0m
  [1m[36mActiveRecord::SchemaMigration Create (0.2ms)[0m  [1m[32mINSERT INTO "schema_migrations" ("version") VALUES (?)[0m  [["version", "20230816122023"]]
  [1m[36mTRANSACTION (5.9ms)[0m  [1m[36mcommit transaction[0m
Migrating to CreateAppointments (20230816122049)
  [1m[36mTRANSACTION (0.1ms)[0m  [1m[36mbegin transaction[0m
  [1m[35m (0.7ms)[0m  [1m[35mCREATE TABLE "appointments" ("id" integer PRIMARY KEY AUTOINCREMENT NOT NULL, "patient_id" integer, "doctor_id" integer, "created_at" datetime(6) NOT NULL, "updated_at" datetime(6) NOT NULL)[0m
  [1m[35m (0.1ms)[0m  [1m[35mCREATE INDEX "index_appointments_on_patient_id" ON "appointments" ("patient_id")[0m
  [1m[35m (0.1ms)[0m  [1m[35mCREATE INDEX "index_appointments_on_doctor_id" ON "appointments" ("doctor_id")[0m
  [1m[36mActiveRecord::SchemaMigration Create (0.2ms)[0m  [1m[32mINSERT INTO "schema_migrations" ("version") VALUES (?)[0m  [["version", "20230816122049"]]
  [1m[36mTRANSACTION (5.4ms)[0m  [1m[36mcommit transaction[0m
  [1m[36mActiveRecord::InternalMetadata Load (0.3ms)[0m  [1m[34mSELECT "ar_internal_metadata".* FROM "ar_internal_metadata" WHERE "ar_internal_metadata"."key" = ? LIMIT ?[0m  [["key", "environment"], ["LIMIT", 1]]
  [1m[36mActiveRecord::SchemaMigration Pluck (0.1ms)[0m  [1m[34mSELECT "schema_migrations"."version" FROM "schema_migrations" ORDER BY "schema_migrations"."version" ASC[0m
  [1m[36mTRANSACTION (0.1ms)[0m  [1m[36mbegin transaction[0m
  [1m[36mPatient Create (2.0ms)[0m  [1m[32mINSERT INTO "patients" ("name", "email", "age", "created_at", "updated_at") VALUES (?, ?, ?, ?, ?)[0m  [["name", "XYZ"], ["email", "XYZ@gmail.com"], ["age", nil], ["created_at", "2023-08-16 12:29:28.355284"], ["updated_at", "2023-08-16 12:29:28.355284"]]
  [1m[36mTRANSACTION (6.5ms)[0m  [1m[36mcommit transaction[0m
  [1m[36mTRANSACTION (0.1ms)[0m  [1m[36mbegin transaction[0m
  [1m[36mPatient Create (4.4ms)[0m  [1m[32mINSERT INTO "patients" ("name", "email", "age", "created_at", "updated_at") VALUES (?, ?, ?, ?, ?)[0m  [["name", "ABC"], ["email", "ABC@gmail.com"], ["age", nil], ["created_at", "2023-08-16 12:32:48.329143"], ["updated_at", "2023-08-16 12:32:48.329143"]]
  [1m[36mTRANSACTION (7.1ms)[0m  [1m[36mcommit transaction[0m
  [1m[36mTRANSACTION (0.0ms)[0m  [1m[36mbegin transaction[0m
  [1m[36mDoctor Create (31.3ms)[0m  [1m[32mINSERT INTO "doctors" ("name", "email", "created_at", "updated_at") VALUES (?, ?, ?, ?)[0m  [["name", "doctor1"], ["email", "doctor1@gmail.com"], ["created_at", "2023-08-16 12:33:46.861060"], ["updated_at", "2023-08-16 12:33:46.861060"]]
  [1m[36mTRANSACTION (7.2ms)[0m  [1m[36mcommit transaction[0m
  [1m[36mTRANSACTION (0.1ms)[0m  [1m[36mbegin transaction[0m
  [1m[36mDoctor Create (4.9ms)[0m  [1m[32mINSERT INTO "doctors" ("name", "email", "created_at", "updated_at") VALUES (?, ?, ?, ?)[0m  [["name", "doctor2"], ["email", "doctor2@gmail.com"], ["created_at", "2023-08-16 12:34:12.593031"], ["updated_at", "2023-08-16 12:34:12.593031"]]
  [1m[36mTRANSACTION (6.1ms)[0m  [1m[36mcommit transaction[0m
  [1m[36mPatient Load (0.2ms)[0m  [1m[34mSELECT "patients".* FROM "patients" ORDER BY "patients"."id" ASC LIMIT ?[0m  [["LIMIT", 1]]
  [1m[36mDoctor Load (0.3ms)[0m  [1m[34mSELECT "doctors".* FROM "doctors" ORDER BY "doctors"."id" ASC LIMIT ?[0m  [["LIMIT", 1]]
  [1m[36mTRANSACTION (0.1ms)[0m  [1m[36mbegin transaction[0m
  [1m[36mPatient Load (0.2ms)[0m  [1m[34mSELECT "patients".* FROM "patients" WHERE "patients"."id" = ? LIMIT ?[0m  [["id", 1], ["LIMIT", 1]]
  [1m[36mDoctor Load (0.1ms)[0m  [1m[34mSELECT "doctors".* FROM "doctors" WHERE "doctors"."id" = ? LIMIT ?[0m  [["id", 1], ["LIMIT", 1]]
  [1m[36mAppointment Create (1.5ms)[0m  [1m[32mINSERT INTO "appointments" ("patient_id", "doctor_id", "created_at", "updated_at") VALUES (?, ?, ?, ?)[0m  [["patient_id", 1], ["doctor_id", 1], ["created_at", "2023-08-16 12:37:54.613250"], ["updated_at", "2023-08-16 12:37:54.613250"]]
  [1m[36mTRANSACTION (4.3ms)[0m  [1m[36mcommit transaction[0m
  [1m[36mTRANSACTION (0.1ms)[0m  [1m[36mbegin transaction[0m
  [1m[36mPatient Load (0.2ms)[0m  [1m[34mSELECT "patients".* FROM "patients" WHERE "patients"."id" = ? LIMIT ?[0m  [["id", 2], ["LIMIT", 1]]
  [1m[36mDoctor Load (0.1ms)[0m  [1m[34mSELECT "doctors".* FROM "doctors" WHERE "doctors"."id" = ? LIMIT ?[0m  [["id", 1], ["LIMIT", 1]]
  [1m[36mAppointment Create (2.5ms)[0m  [1m[32mINSERT INTO "appointments" ("patient_id", "doctor_id", "created_at", "updated_at") VALUES (?, ?, ?, ?)[0m  [["patient_id", 2], ["doctor_id", 1], ["created_at", "2023-08-16 12:38:16.167822"], ["updated_at", "2023-08-16 12:38:16.167822"]]
  [1m[36mTRANSACTION (4.8ms)[0m  [1m[36mcommit transaction[0m
  [1m[36mAppointment Load (0.3ms)[0m  [1m[34mSELECT "appointments".* FROM "appointments" ORDER BY "appointments"."id" ASC LIMIT ?[0m  [["LIMIT", 1]]
  [1m[36mPatient Load (0.2ms)[0m  [1m[34mSELECT "patients".* FROM "patients" WHERE "patients"."id" = ? LIMIT ?[0m  [["id", 1], ["LIMIT", 1]]
  [1m[36mDoctor Load (0.2ms)[0m  [1m[34mSELECT "doctors".* FROM "doctors" WHERE "doctors"."id" = ? LIMIT ?[0m  [["id", 1], ["LIMIT", 1]]
  [1m[36mPatient Load (0.5ms)[0m  [1m[34mSELECT "patients".* FROM "patients" INNER JOIN "appointments" ON "patients"."id" = "appointments"."patient_id" WHERE "appointments"."doctor_id" = ?[0m  [["doctor_id", 1]]
  [1m[36mAuthor Load (0.4ms)[0m  [1m[34mSELECT "authors".* FROM "authors" ORDER BY "authors"."id" ASC LIMIT ?[0m  [["LIMIT", 1]]
  [1m[36mAuthor Load (0.2ms)[0m  [1m[34mSELECT "authors".* FROM "authors" ORDER BY "authors"."id" ASC LIMIT ?[0m  [["LIMIT", 1]]
  [1m[36mTRANSACTION (0.1ms)[0m  [1m[36mbegin transaction[0m
  [1m[36mBook Create (4.9ms)[0m  [1m[32mINSERT INTO "books" ("name", "author_id", "published_at", "created_at", "updated_at") VALUES (?, ?, ?, ?, ?)[0m  [["name", nil], ["author_id", 1], ["published_at", nil], ["created_at", "2023-08-16 13:13:04.720920"], ["updated_at", "2023-08-16 13:13:04.720920"]]
  [1m[36mTRANSACTION (5.9ms)[0m  [1m[36mcommit transaction[0m
  [1m[36mSupplier Load (0.3ms)[0m  [1m[34mSELECT "suppliers".* FROM "suppliers" ORDER BY "suppliers"."id" ASC LIMIT ?[0m  [["LIMIT", 1]]
  [1m[36mSupplier Load (0.3ms)[0m  [1m[34mSELECT "suppliers".* FROM "suppliers" ORDER BY "suppliers"."id" ASC LIMIT ?[0m  [["LIMIT", 1]]
  [1m[36mAccount Load (0.2ms)[0m  [1m[34mSELECT "accounts".* FROM "accounts" WHERE "accounts"."supplier_id" = ? LIMIT ?[0m  [["supplier_id", 1], ["LIMIT", 1]]
